17:42:04 | INFO     | 🌍 Cenário seleccionado: SURGE
17:42:05 | INFO     | 🖥  Servidor iniciado (PID 16528)
17:42:05 | INFO     | 👥 8 passageiros lançados.
17:42:05 | INFO     | ============================================================
17:42:05 | INFO     | 🛫 AEROPORTO INICIADO
17:42:05 | INFO     |    Portões: 3  |  Agentes: 4  |  Espera máx.: 2s
17:42:05 | INFO     | ============================================================
17:42:05 | INFO     | 🚶 Chegada | Surge_P1 (ID 1) | Classe: Economica | Prioridade: 3
17:42:05 | INFO     | 🚶 Chegada | Surge_P2 (ID 2) | Classe: Economica | Prioridade: 3
17:42:05 | INFO     | 🚶 Chegada | Surge_P4 (ID 4) | Classe: Primeira | Prioridade: 1
17:42:05 | INFO     | 🚶 Chegada | Surge_P3 (ID 3) | Classe: Executiva | Prioridade: 2
17:42:05 | INFO     | ✈  Embarque INICIADO | Surge_P4 | Classe: Primeira | Portão 1 | Agente 1 | Espera: 0.09s
17:42:05 | INFO     | ✈  Embarque INICIADO | Surge_P3 | Classe: Executiva | Portão 2 | Agente 2 | Espera: 0.08s
17:42:05 | INFO     | ✈  Embarque INICIADO | Surge_P1 | Classe: Economica | Portão 3 | Agente 3 | Espera: 0.14s
17:42:05 | INFO     | 🚶 Chegada | Surge_P5 (ID 5) | Classe: Economica | Prioridade: 3
17:42:05 | INFO     | 🚶 Chegada | Surge_P6 (ID 6) | Classe: Economica | Prioridade: 3
17:42:05 | INFO     | 🚶 Chegada | Surge_P8 (ID 8) | Classe: Economica | Prioridade: 3
17:42:05 | INFO     | 🚶 Chegada | Surge_P7 (ID 7) | Classe: Executiva | Prioridade: 2
17:42:07 | INFO     | ✅ Embarque CONCLUÍDO | Surge_P4 | Portão 1 | Duração: 2s
17:42:07 | INFO     | ✈  Embarque INICIADO | Surge_P7 | Classe: Executiva | Portão 1 | Agente 1 | Espera: 1.79s
17:42:08 | WARNING  | ❌ Passageiro Surge_P2 (ID 2) DESISTIU após 2.9s de espera.
17:42:08 | WARNING  | ❌ Passageiro Surge_P5 (ID 5) DESISTIU após 2.8s de espera.
17:42:08 | WARNING  | ❌ Passageiro Surge_P6 (ID 6) DESISTIU após 2.7s de espera.
17:42:08 | WARNING  | ❌ Passageiro Surge_P8 (ID 8) DESISTIU após 2.6s de espera.
17:42:08 | INFO     | ✅ Embarque CONCLUÍDO | Surge_P3 | Portão 2 | Duração: 3s
17:42:08 | INFO     | ⏳ Todos os passageiros terminaram. A aguardar embarques em curso...
17:42:10 | INFO     | ✅ Embarque CONCLUÍDO | Surge_P7 | Portão 1 | Duração: 3s
17:42:10 | INFO     | ✅ Embarque CONCLUÍDO | Surge_P1 | Portão 3 | Duração: 5s
17:42:26 | INFO     | 
17:42:26 | INFO     | ============================================================
17:42:26 | INFO     | 📊 SUMÁRIO FINAL DO DIA
17:42:26 | INFO     |    Total de passageiros : 8
17:42:26 | INFO     |    Embarcados           : 4
17:42:26 | INFO     |    Desistências         : 4
17:42:26 | INFO     |    Tempo médio de espera: 0.53s
17:42:26 | INFO     | ============================================================
17:42:26 | INFO     | 🏁 Simulação concluída. Consulte 'airport.log' para o registo completo.
